<?xml version="1.0" encoding="UTF-8"?>
<!-- Generated by org.testng.reporters.JUnitReportReporter -->
<testsuite hostname="LAPTOP-6530O698" failures="0" tests="1" name="com.internetBankingAppAutomation.testCases.TC_NewCutomer_002" time="11.043" errors="0" timestamp="2024-04-25T08:06:46 IST" skipped="0">
  <testcase classname="com.internetBankingAppAutomation.testCases.TC_NewCutomer_002" name="createNewCutomer" time="11.043"/>
  <system-out/>
</testsuite> <!-- com.internetBankingAppAutomation.testCases.TC_NewCutomer_002 -->
