<?xml version="1.0" encoding="UTF-8"?>
<!-- Generated by org.testng.reporters.JUnitReportReporter -->
<testsuite hostname="LAPTOP-6530O698" failures="0" tests="1" name="com.internetBankingAppAutomation.testCases.TC_LoginPage_001" time="1.888" errors="0" timestamp="2024-05-07T08:20:26 IST" skipped="0">
  <testcase classname="com.internetBankingAppAutomation.testCases.TC_LoginPage_001" name="loginTest" time="1.888"/>
  <system-out/>
</testsuite> <!-- com.internetBankingAppAutomation.testCases.TC_LoginPage_001 -->
